[ 2014-04-06T00:01:14+08:00 ] 127.0.0.1 /doc/
INFO: [ app_begin ] --START--
INFO: ReadHtmlCache Behavior ::run [ RunTime:0.001696s ]
INFO: [ app_begin ] --END-- [ RunTime:0.001889s ]
SQL: SHOW COLUMNS FROM `cata` [ RunTime:0.006546s ]
SQL: SELECT * FROM `cata` ORDER BY id desc  [ RunTime:0.000469s ]
SQL: SHOW COLUMNS FROM `docfile` [ RunTime:0.006702s ]
SQL: SELECT * FROM `docfile` ORDER BY id desc  [ RunTime:0.000494s ]
NOTIC: [2] Invalid argument supplied for foreach() D:\wamp\www\doc\Lib\Action\IndexAction.class.php 第 14 行.
SQL: SHOW COLUMNS FROM `g_u` [ RunTime:0.005335s ]
SQL: SELECT `g_id` FROM `g_u` WHERE ( u_id=1 )  [ RunTime:0.000437s ]
NOTIC: [2] Invalid argument supplied for foreach() D:\wamp\www\doc\Lib\Action\IndexAction.class.php 第 53 行.
INFO: [ view_parse ] --START--
INFO: ParseTemplate Behavior ::run [ RunTime:0.018860s ]
INFO: [ view_parse ] --END-- [ RunTime:0.019060s ]
INFO: [ view_filter ] --START--
INFO: ContentReplace Behavior ::run [ RunTime:0.001161s ]
INFO: TokenBuild Behavior ::run [ RunTime:0.001065s ]
INFO: WriteHtmlCache Behavior ::run [ RunTime:0.000852s ]
INFO: ShowRuntime Behavior ::run [ RunTime:0.001201s ]
INFO: [ view_filter ] --END-- [ RunTime:0.004713s ]
INFO: [ view_end ] --START--
INFO: ShowPageTrace Behavior ::run [ RunTime:0.001332s ]
INFO: [ view_end ] --END-- [ RunTime:0.001478s ]

[ 2014-04-06T00:01:20+08:00 ] 127.0.0.1 /doc/index.php/index/logout
INFO: [ route_check ] --START--
INFO: CheckRoute Behavior ::run [ RunTime:0.001889s ]
INFO: [ route_check ] --END-- [ RunTime:0.002073s ]
INFO: [ app_begin ] --START--
INFO: ReadHtmlCache Behavior ::run [ RunTime:0.001173s ]
INFO: [ app_begin ] --END-- [ RunTime:0.001338s ]

[ 2014-04-06T00:01:21+08:00 ] 127.0.0.1 /doc/index.php/index/index.html
INFO: [ route_check ] --START--
INFO: CheckRoute Behavior ::run [ RunTime:0.001229s ]
INFO: [ route_check ] --END-- [ RunTime:0.001410s ]
INFO: [ app_begin ] --START--
INFO: ReadHtmlCache Behavior ::run [ RunTime:0.001021s ]
INFO: [ app_begin ] --END-- [ RunTime:0.001171s ]
SQL: SHOW COLUMNS FROM `cata` [ RunTime:0.007046s ]
SQL: SELECT * FROM `cata` ORDER BY id desc  [ RunTime:0.000454s ]
SQL: SHOW COLUMNS FROM `docfile` [ RunTime:0.006107s ]
SQL: SELECT * FROM `docfile` ORDER BY id desc  [ RunTime:0.000490s ]
NOTIC: [2] Invalid argument supplied for foreach() D:\wamp\www\doc\Lib\Action\IndexAction.class.php 第 14 行.
SQL: SHOW COLUMNS FROM `g_u` [ RunTime:0.005383s ]
SQL: SELECT `g_id` FROM `g_u` WHERE ( u_id= )  [ RunTime:0.000314s ]
ERR: 1064:You have an error in your SQL syntax; check the manual that corresponds to your MySQL server version for the right syntax to use near ')' at line 1
 [ SQL语句 ] : SELECT `g_id` FROM `g_u` WHERE ( u_id= ) 
NOTIC: [2] Invalid argument supplied for foreach() D:\wamp\www\doc\Lib\Action\IndexAction.class.php 第 53 行.
INFO: [ view_parse ] --START--
NOTIC: [8] Undefined variable: user_right D:\wamp\www\doc\Runtime\Cache\f12c0a77906a0f355c95666536d66c0f.php 第 63 行.
NOTIC: [8] Undefined variable: user_right D:\wamp\www\doc\Runtime\Cache\f12c0a77906a0f355c95666536d66c0f.php 第 64 行.
NOTIC: [8] Undefined variable: user_right D:\wamp\www\doc\Runtime\Cache\f12c0a77906a0f355c95666536d66c0f.php 第 65 行.
INFO: ParseTemplate Behavior ::run [ RunTime:0.019261s ]
INFO: [ view_parse ] --END-- [ RunTime:0.019417s ]
INFO: [ view_filter ] --START--
INFO: ContentReplace Behavior ::run [ RunTime:0.001437s ]
INFO: TokenBuild Behavior ::run [ RunTime:0.001113s ]
INFO: WriteHtmlCache Behavior ::run [ RunTime:0.000889s ]
INFO: ShowRuntime Behavior ::run [ RunTime:0.001196s ]
INFO: [ view_filter ] --END-- [ RunTime:0.005077s ]
INFO: [ view_end ] --START--
INFO: ShowPageTrace Behavior ::run [ RunTime:0.001366s ]
INFO: [ view_end ] --END-- [ RunTime:0.001516s ]

[ 2014-04-06T00:01:27+08:00 ] 127.0.0.1 /doc/index.php/index/checkuser
INFO: [ route_check ] --START--
INFO: CheckRoute Behavior ::run [ RunTime:0.001505s ]
INFO: [ route_check ] --END-- [ RunTime:0.001686s ]
INFO: [ app_begin ] --START--
INFO: ReadHtmlCache Behavior ::run [ RunTime:0.001019s ]
INFO: [ app_begin ] --END-- [ RunTime:0.001170s ]
SQL: SHOW COLUMNS FROM `user` [ RunTime:0.006186s ]
NOTIC: 建议使用I方法替代_post
NOTIC: 建议使用I方法替代_post
SQL: SELECT * FROM `user` WHERE ( `username` = 'test' ) AND ( `password` = 'test' ) LIMIT 1   [ RunTime:0.000601s ]

[ 2014-04-06T00:01:27+08:00 ] 127.0.0.1 /doc/index.php/index/index.html
INFO: [ route_check ] --START--
INFO: CheckRoute Behavior ::run [ RunTime:0.001254s ]
INFO: [ route_check ] --END-- [ RunTime:0.001790s ]
INFO: [ app_begin ] --START--
INFO: ReadHtmlCache Behavior ::run [ RunTime:0.001209s ]
INFO: [ app_begin ] --END-- [ RunTime:0.001381s ]
SQL: SHOW COLUMNS FROM `cata` [ RunTime:0.005382s ]
SQL: SELECT * FROM `cata` ORDER BY id desc  [ RunTime:0.000447s ]
SQL: SHOW COLUMNS FROM `docfile` [ RunTime:0.006560s ]
SQL: SELECT * FROM `docfile` ORDER BY id desc  [ RunTime:0.000492s ]
NOTIC: [2] Invalid argument supplied for foreach() D:\wamp\www\doc\Lib\Action\IndexAction.class.php 第 14 行.
SQL: SHOW COLUMNS FROM `g_u` [ RunTime:0.005557s ]
SQL: SELECT `g_id` FROM `g_u` WHERE ( u_id= )  [ RunTime:0.000376s ]
ERR: 1064:You have an error in your SQL syntax; check the manual that corresponds to your MySQL server version for the right syntax to use near ')' at line 1
 [ SQL语句 ] : SELECT `g_id` FROM `g_u` WHERE ( u_id= ) 
NOTIC: [2] Invalid argument supplied for foreach() D:\wamp\www\doc\Lib\Action\IndexAction.class.php 第 53 行.
INFO: [ view_parse ] --START--
NOTIC: [8] Undefined variable: user_right D:\wamp\www\doc\Runtime\Cache\f12c0a77906a0f355c95666536d66c0f.php 第 63 行.
NOTIC: [8] Undefined variable: user_right D:\wamp\www\doc\Runtime\Cache\f12c0a77906a0f355c95666536d66c0f.php 第 64 行.
NOTIC: [8] Undefined variable: user_right D:\wamp\www\doc\Runtime\Cache\f12c0a77906a0f355c95666536d66c0f.php 第 65 行.
INFO: ParseTemplate Behavior ::run [ RunTime:0.018088s ]
INFO: [ view_parse ] --END-- [ RunTime:0.018269s ]
INFO: [ view_filter ] --START--
INFO: ContentReplace Behavior ::run [ RunTime:0.000876s ]
INFO: TokenBuild Behavior ::run [ RunTime:0.000946s ]
INFO: WriteHtmlCache Behavior ::run [ RunTime:0.000702s ]
INFO: ShowRuntime Behavior ::run [ RunTime:0.000968s ]
INFO: [ view_filter ] --END-- [ RunTime:0.003955s ]
INFO: [ view_end ] --START--
INFO: ShowPageTrace Behavior ::run [ RunTime:0.001096s ]
INFO: [ view_end ] --END-- [ RunTime:0.001244s ]

[ 2014-04-06T00:01:39+08:00 ] 127.0.0.1 /doc/index.php/index/search
INFO: [ route_check ] --START--
INFO: CheckRoute Behavior ::run [ RunTime:0.001220s ]
INFO: [ route_check ] --END-- [ RunTime:0.001400s ]
INFO: [ app_begin ] --START--
INFO: ReadHtmlCache Behavior ::run [ RunTime:0.001013s ]
INFO: [ app_begin ] --END-- [ RunTime:0.001163s ]
NOTIC: 建议使用I方法替代_post
SQL: SHOW COLUMNS FROM `docfile` [ RunTime:0.005715s ]
SQL: SELECT * FROM `docfile` WHERE ( `name` LIKE '%1%' ) OR ( `content` LIKE '%1%' )  [ RunTime:0.000532s ]
SQL: SHOW COLUMNS FROM `g_u` [ RunTime:0.005335s ]
SQL: SELECT `g_id` FROM `g_u` WHERE ( u_id= )  [ RunTime:0.000331s ]
ERR: 1064:You have an error in your SQL syntax; check the manual that corresponds to your MySQL server version for the right syntax to use near ')' at line 1
 [ SQL语句 ] : SELECT `g_id` FROM `g_u` WHERE ( u_id= ) 
NOTIC: [2] Invalid argument supplied for foreach() D:\wamp\www\doc\Lib\Action\IndexAction.class.php 第 175 行.
INFO: [ view_parse ] --START--
NOTIC: [8] Undefined variable: catadata D:\wamp\www\doc\Runtime\Cache\ed978befde772f7026030c8422133e9c.php 第 50 行.
NOTIC: [8] Undefined variable: user_right D:\wamp\www\doc\Runtime\Cache\ed978befde772f7026030c8422133e9c.php 第 73 行.
NOTIC: [8] Undefined variable: user_right D:\wamp\www\doc\Runtime\Cache\ed978befde772f7026030c8422133e9c.php 第 74 行.
NOTIC: [8] Undefined variable: user_right D:\wamp\www\doc\Runtime\Cache\ed978befde772f7026030c8422133e9c.php 第 75 行.
NOTIC: [8] Undefined variable: page D:\wamp\www\doc\Runtime\Cache\ed978befde772f7026030c8422133e9c.php 第 118 行.
INFO: ParseTemplate Behavior ::run [ RunTime:0.018686s ]
INFO: [ view_parse ] --END-- [ RunTime:0.018843s ]
INFO: [ view_filter ] --START--
INFO: ContentReplace Behavior ::run [ RunTime:0.000936s ]
INFO: TokenBuild Behavior ::run [ RunTime:0.000860s ]
INFO: WriteHtmlCache Behavior ::run [ RunTime:0.000675s ]
INFO: ShowRuntime Behavior ::run [ RunTime:0.000961s ]
INFO: [ view_filter ] --END-- [ RunTime:0.003877s ]
INFO: [ view_end ] --START--
INFO: ShowPageTrace Behavior ::run [ RunTime:0.001108s ]
INFO: [ view_end ] --END-- [ RunTime:0.001271s ]

[ 2014-04-06T00:01:42+08:00 ] 127.0.0.1 /doc/index.php/index/index
INFO: [ route_check ] --START--
INFO: CheckRoute Behavior ::run [ RunTime:0.001248s ]
INFO: [ route_check ] --END-- [ RunTime:0.001429s ]
INFO: [ app_begin ] --START--
INFO: ReadHtmlCache Behavior ::run [ RunTime:0.001018s ]
INFO: [ app_begin ] --END-- [ RunTime:0.001168s ]
SQL: SHOW COLUMNS FROM `cata` [ RunTime:0.005123s ]
SQL: SELECT * FROM `cata` ORDER BY id desc  [ RunTime:0.000457s ]
SQL: SHOW COLUMNS FROM `docfile` [ RunTime:0.005426s ]
SQL: SELECT * FROM `docfile` ORDER BY id desc  [ RunTime:0.000502s ]
NOTIC: [2] Invalid argument supplied for foreach() D:\wamp\www\doc\Lib\Action\IndexAction.class.php 第 14 行.
SQL: SHOW COLUMNS FROM `g_u` [ RunTime:0.004941s ]
SQL: SELECT `g_id` FROM `g_u` WHERE ( u_id= )  [ RunTime:0.000385s ]
ERR: 1064:You have an error in your SQL syntax; check the manual that corresponds to your MySQL server version for the right syntax to use near ')' at line 1
 [ SQL语句 ] : SELECT `g_id` FROM `g_u` WHERE ( u_id= ) 
NOTIC: [2] Invalid argument supplied for foreach() D:\wamp\www\doc\Lib\Action\IndexAction.class.php 第 53 行.
INFO: [ view_parse ] --START--
NOTIC: [8] Undefined variable: user_right D:\wamp\www\doc\Runtime\Cache\f12c0a77906a0f355c95666536d66c0f.php 第 63 行.
NOTIC: [8] Undefined variable: user_right D:\wamp\www\doc\Runtime\Cache\f12c0a77906a0f355c95666536d66c0f.php 第 64 行.
NOTIC: [8] Undefined variable: user_right D:\wamp\www\doc\Runtime\Cache\f12c0a77906a0f355c95666536d66c0f.php 第 65 行.
INFO: ParseTemplate Behavior ::run [ RunTime:0.017613s ]
INFO: [ view_parse ] --END-- [ RunTime:0.017765s ]
INFO: [ view_filter ] --START--
INFO: ContentReplace Behavior ::run [ RunTime:0.000860s ]
INFO: TokenBuild Behavior ::run [ RunTime:0.000843s ]
INFO: WriteHtmlCache Behavior ::run [ RunTime:0.000995s ]
INFO: ShowRuntime Behavior ::run [ RunTime:0.001068s ]
INFO: [ view_filter ] --END-- [ RunTime:0.004298s ]
INFO: [ view_end ] --START--
INFO: ShowPageTrace Behavior ::run [ RunTime:0.001121s ]
INFO: [ view_end ] --END-- [ RunTime:0.001268s ]

[ 2014-04-06T00:02:26+08:00 ] 127.0.0.1 /doc/index.php/index/checkuser
INFO: [ route_check ] --START--
INFO: CheckRoute Behavior ::run [ RunTime:0.001297s ]
INFO: [ route_check ] --END-- [ RunTime:0.001482s ]
INFO: [ app_begin ] --START--
INFO: ReadHtmlCache Behavior ::run [ RunTime:0.001238s ]
INFO: [ app_begin ] --END-- [ RunTime:0.001392s ]
SQL: SHOW COLUMNS FROM `user` [ RunTime:0.005666s ]
NOTIC: 建议使用I方法替代_post
NOTIC: 建议使用I方法替代_post
SQL: SELECT * FROM `user` WHERE ( `username` = 'administrator' ) AND ( `password` = '' ) LIMIT 1   [ RunTime:0.000581s ]

[ 2014-04-06T00:02:26+08:00 ] 127.0.0.1 /doc/index.php/index/index.html
INFO: [ route_check ] --START--
INFO: CheckRoute Behavior ::run [ RunTime:0.001245s ]
INFO: [ route_check ] --END-- [ RunTime:0.001428s ]
INFO: [ app_begin ] --START--
INFO: ReadHtmlCache Behavior ::run [ RunTime:0.001064s ]
INFO: [ app_begin ] --END-- [ RunTime:0.001217s ]
SQL: SHOW COLUMNS FROM `cata` [ RunTime:0.004939s ]
SQL: SELECT * FROM `cata` ORDER BY id desc  [ RunTime:0.000501s ]
SQL: SHOW COLUMNS FROM `docfile` [ RunTime:0.005400s ]
SQL: SELECT * FROM `docfile` ORDER BY id desc  [ RunTime:0.000505s ]
NOTIC: [2] Invalid argument supplied for foreach() D:\wamp\www\doc\Lib\Action\IndexAction.class.php 第 14 行.
SQL: SHOW COLUMNS FROM `g_u` [ RunTime:0.004980s ]
SQL: SELECT `g_id` FROM `g_u` WHERE ( u_id= )  [ RunTime:0.000462s ]
ERR: 1064:You have an error in your SQL syntax; check the manual that corresponds to your MySQL server version for the right syntax to use near ')' at line 1
 [ SQL语句 ] : SELECT `g_id` FROM `g_u` WHERE ( u_id= ) 
NOTIC: [2] Invalid argument supplied for foreach() D:\wamp\www\doc\Lib\Action\IndexAction.class.php 第 53 行.
INFO: [ view_parse ] --START--
NOTIC: [8] Undefined variable: user_right D:\wamp\www\doc\Runtime\Cache\f12c0a77906a0f355c95666536d66c0f.php 第 63 行.
NOTIC: [8] Undefined variable: user_right D:\wamp\www\doc\Runtime\Cache\f12c0a77906a0f355c95666536d66c0f.php 第 64 行.
NOTIC: [8] Undefined variable: user_right D:\wamp\www\doc\Runtime\Cache\f12c0a77906a0f355c95666536d66c0f.php 第 65 行.
INFO: ParseTemplate Behavior ::run [ RunTime:0.018180s ]
INFO: [ view_parse ] --END-- [ RunTime:0.018324s ]
INFO: [ view_filter ] --START--
INFO: ContentReplace Behavior ::run [ RunTime:0.001119s ]
INFO: TokenBuild Behavior ::run [ RunTime:0.001081s ]
INFO: WriteHtmlCache Behavior ::run [ RunTime:0.000722s ]
INFO: ShowRuntime Behavior ::run [ RunTime:0.000972s ]
INFO: [ view_filter ] --END-- [ RunTime:0.004602s ]
INFO: [ view_end ] --START--
INFO: ShowPageTrace Behavior ::run [ RunTime:0.001133s ]
INFO: [ view_end ] --END-- [ RunTime:0.001280s ]

[ 2014-04-06T00:02:35+08:00 ] 127.0.0.1 /doc/index.php/index/checkuser
INFO: [ route_check ] --START--
INFO: CheckRoute Behavior ::run [ RunTime:0.001202s ]
INFO: [ route_check ] --END-- [ RunTime:0.001383s ]
INFO: [ app_begin ] --START--
INFO: ReadHtmlCache Behavior ::run [ RunTime:0.000981s ]
INFO: [ app_begin ] --END-- [ RunTime:0.001133s ]
SQL: SHOW COLUMNS FROM `user` [ RunTime:0.005427s ]
NOTIC: 建议使用I方法替代_post
NOTIC: 建议使用I方法替代_post
SQL: SELECT * FROM `user` WHERE ( `username` = 'admin' ) AND ( `password` = 'Dzgcdzgc' ) LIMIT 1   [ RunTime:0.000592s ]

[ 2014-04-06T00:02:36+08:00 ] 127.0.0.1 /doc/index.php/index/index.html
INFO: [ route_check ] --START--
INFO: CheckRoute Behavior ::run [ RunTime:0.001333s ]
INFO: [ route_check ] --END-- [ RunTime:0.001523s ]
INFO: [ app_begin ] --START--
INFO: ReadHtmlCache Behavior ::run [ RunTime:0.000986s ]
INFO: [ app_begin ] --END-- [ RunTime:0.001137s ]
SQL: SHOW COLUMNS FROM `cata` [ RunTime:0.005144s ]
SQL: SELECT * FROM `cata` ORDER BY id desc  [ RunTime:0.000449s ]
SQL: SHOW COLUMNS FROM `docfile` [ RunTime:0.005199s ]
SQL: SELECT * FROM `docfile` ORDER BY id desc  [ RunTime:0.000506s ]
NOTIC: [2] Invalid argument supplied for foreach() D:\wamp\www\doc\Lib\Action\IndexAction.class.php 第 14 行.
SQL: SHOW COLUMNS FROM `g_u` [ RunTime:0.005200s ]
SQL: SELECT `g_id` FROM `g_u` WHERE ( u_id=1 )  [ RunTime:0.000500s ]
NOTIC: [2] Invalid argument supplied for foreach() D:\wamp\www\doc\Lib\Action\IndexAction.class.php 第 53 行.
INFO: [ view_parse ] --START--
INFO: ParseTemplate Behavior ::run [ RunTime:0.017710s ]
INFO: [ view_parse ] --END-- [ RunTime:0.017879s ]
INFO: [ view_filter ] --START--
INFO: ContentReplace Behavior ::run [ RunTime:0.000870s ]
INFO: TokenBuild Behavior ::run [ RunTime:0.000847s ]
INFO: WriteHtmlCache Behavior ::run [ RunTime:0.000626s ]
INFO: ShowRuntime Behavior ::run [ RunTime:0.000924s ]
INFO: [ view_filter ] --END-- [ RunTime:0.003702s ]
INFO: [ view_end ] --START--
INFO: ShowPageTrace Behavior ::run [ RunTime:0.001107s ]
INFO: [ view_end ] --END-- [ RunTime:0.001258s ]

[ 2014-04-06T00:02:48+08:00 ] 127.0.0.1 /doc/index.php/user/index
INFO: [ route_check ] --START--
INFO: CheckRoute Behavior ::run [ RunTime:0.001222s ]
INFO: [ route_check ] --END-- [ RunTime:0.001403s ]
INFO: [ app_begin ] --START--
INFO: ReadHtmlCache Behavior ::run [ RunTime:0.001009s ]
INFO: [ app_begin ] --END-- [ RunTime:0.001160s ]
SQL: SHOW COLUMNS FROM `user` [ RunTime:0.005370s ]
SQL: SELECT COUNT(*) AS tp_count FROM `user` LIMIT 1   [ RunTime:0.000468s ]
SQL: SELECT * FROM `user` ORDER BY id desc LIMIT 0,10   [ RunTime:0.000542s ]
INFO: [ view_parse ] --START--
INFO: ParseTemplate Behavior ::run [ RunTime:0.017328s ]
INFO: [ view_parse ] --END-- [ RunTime:0.017567s ]
INFO: [ view_filter ] --START--
INFO: ContentReplace Behavior ::run [ RunTime:0.000935s ]
INFO: TokenBuild Behavior ::run [ RunTime:0.000906s ]
INFO: WriteHtmlCache Behavior ::run [ RunTime:0.000629s ]
INFO: ShowRuntime Behavior ::run [ RunTime:0.000943s ]
INFO: [ view_filter ] --END-- [ RunTime:0.003860s ]
INFO: [ view_end ] --START--
INFO: ShowPageTrace Behavior ::run [ RunTime:0.001121s ]
INFO: [ view_end ] --END-- [ RunTime:0.001271s ]

[ 2014-04-06T00:03:13+08:00 ] 127.0.0.1 /doc/index.php/group/index
INFO: [ route_check ] --START--
INFO: CheckRoute Behavior ::run [ RunTime:0.001264s ]
INFO: [ route_check ] --END-- [ RunTime:0.001448s ]
INFO: [ app_begin ] --START--
INFO: ReadHtmlCache Behavior ::run [ RunTime:0.001001s ]
INFO: [ app_begin ] --END-- [ RunTime:0.001151s ]
SQL: SHOW COLUMNS FROM `group` [ RunTime:0.005897s ]
SQL: SELECT COUNT(*) AS tp_count FROM `group` LIMIT 1   [ RunTime:0.000461s ]
SQL: SELECT * FROM `group` ORDER BY id desc LIMIT 0,20   [ RunTime:0.000558s ]
INFO: [ view_parse ] --START--
INFO: ParseTemplate Behavior ::run [ RunTime:0.015694s ]
INFO: [ view_parse ] --END-- [ RunTime:0.015887s ]
INFO: [ view_filter ] --START--
INFO: ContentReplace Behavior ::run [ RunTime:0.000847s ]
INFO: TokenBuild Behavior ::run [ RunTime:0.000841s ]
INFO: WriteHtmlCache Behavior ::run [ RunTime:0.000629s ]
INFO: ShowRuntime Behavior ::run [ RunTime:0.000963s ]
INFO: [ view_filter ] --END-- [ RunTime:0.003706s ]
INFO: [ view_end ] --START--
INFO: ShowPageTrace Behavior ::run [ RunTime:0.001136s ]
INFO: [ view_end ] --END-- [ RunTime:0.001282s ]

[ 2014-04-06T00:03:23+08:00 ] 127.0.0.1 /doc/index.php/cata/index
INFO: [ route_check ] --START--
INFO: CheckRoute Behavior ::run [ RunTime:0.001300s ]
INFO: [ route_check ] --END-- [ RunTime:0.001490s ]
INFO: [ app_begin ] --START--
INFO: ReadHtmlCache Behavior ::run [ RunTime:0.001498s ]
INFO: [ app_begin ] --END-- [ RunTime:0.001663s ]
SQL: SHOW COLUMNS FROM `cata` [ RunTime:0.005048s ]
SQL: SELECT * FROM `cata` ORDER BY id desc  [ RunTime:0.000482s ]
NOTIC: [2] Invalid argument supplied for foreach() D:\wamp\www\doc\Lib\Action\IndexAction.class.php 第 14 行.
INFO: [ view_parse ] --START--
INFO: ParseTemplate Behavior ::run [ RunTime:0.014313s ]
INFO: [ view_parse ] --END-- [ RunTime:0.014505s ]
INFO: [ view_filter ] --START--
INFO: ContentReplace Behavior ::run [ RunTime:0.001113s ]
INFO: TokenBuild Behavior ::run [ RunTime:0.001093s ]
INFO: WriteHtmlCache Behavior ::run [ RunTime:0.001151s ]
INFO: ShowRuntime Behavior ::run [ RunTime:0.001628s ]
INFO: [ view_filter ] --END-- [ RunTime:0.005469s ]
INFO: [ view_end ] --START--
INFO: ShowPageTrace Behavior ::run [ RunTime:0.001328s ]
INFO: [ view_end ] --END-- [ RunTime:0.001475s ]

[ 2014-04-06T00:03:58+08:00 ] 127.0.0.1 /doc/index.php/cata/edit
INFO: [ route_check ] --START--
INFO: CheckRoute Behavior ::run [ RunTime:0.001473s ]
INFO: [ route_check ] --END-- [ RunTime:0.001663s ]
INFO: [ app_begin ] --START--
INFO: ReadHtmlCache Behavior ::run [ RunTime:0.001025s ]
INFO: [ app_begin ] --END-- [ RunTime:0.001180s ]

[ 2014-04-06T00:03:58+08:00 ] 127.0.0.1 /doc/index.php/cata/index.html
INFO: [ route_check ] --START--
INFO: CheckRoute Behavior ::run [ RunTime:0.001246s ]
INFO: [ route_check ] --END-- [ RunTime:0.001433s ]
INFO: [ app_begin ] --START--
INFO: ReadHtmlCache Behavior ::run [ RunTime:0.001022s ]
INFO: [ app_begin ] --END-- [ RunTime:0.001173s ]
SQL: SHOW COLUMNS FROM `cata` [ RunTime:0.006323s ]
SQL: SELECT * FROM `cata` ORDER BY id desc  [ RunTime:0.000458s ]
NOTIC: [2] Invalid argument supplied for foreach() D:\wamp\www\doc\Lib\Action\IndexAction.class.php 第 14 行.
INFO: [ view_parse ] --START--
INFO: ParseTemplate Behavior ::run [ RunTime:0.013150s ]
INFO: [ view_parse ] --END-- [ RunTime:0.013322s ]
INFO: [ view_filter ] --START--
INFO: ContentReplace Behavior ::run [ RunTime:0.000878s ]
INFO: TokenBuild Behavior ::run [ RunTime:0.000853s ]
INFO: WriteHtmlCache Behavior ::run [ RunTime:0.000627s ]
INFO: ShowRuntime Behavior ::run [ RunTime:0.000957s ]
INFO: [ view_filter ] --END-- [ RunTime:0.003787s ]
INFO: [ view_end ] --START--
INFO: ShowPageTrace Behavior ::run [ RunTime:0.001092s ]
INFO: [ view_end ] --END-- [ RunTime:0.001245s ]

